<?xml version="1.0" encoding="UTF-8"?>
<!-- Generated by org.testng.reporters.JUnitReportReporter -->
<testsuite hostname="INA049P91K" name="qait.TestSearch" tests="1" failures="0" timestamp="26 Feb 2019 09:18:36 GMT" time="1.833" errors="0">
  <testcase name="testSearch" time="1.833" classname="qait.TestSearch"/>
</testsuite> <!-- qait.TestSearch -->
