<?xml version="1.0" encoding="UTF-8"?>
<!-- Generated by org.testng.reporters.JUnitReportReporter -->
<testsuite hostname="INA049P91K" name="qait.SelTest" tests="1" failures="0" timestamp="26 Feb 2019 09:18:36 GMT" time="1.332" errors="0">
  <testcase name="testLinks" time="1.332" classname="qait.SelTest"/>
</testsuite> <!-- qait.SelTest -->
